[    0.000000] Initializing cgroup subsys cpuset
[    0.000000] Initializing cgroup subsys cpu
[    0.000000] Initializing cgroup subsys cpuacct
[    0.000000] Linux version 4.4.0-140-generic (buildd@lgw01-amd64-039) (gcc version 5.4.0 20160609 (Ubuntu 5.4.0-6ubuntu1~16.04.10) ) #166-Ubuntu SMP Wed Nov 14 20:09:35 UTC 2018 (Ubuntu 4.4.0-140.166-generic 4.4.162)
[    0.000000] KERNEL supported cpus:
[    0.000000]   Intel GenuineIntel
[    0.000000]   AMD AuthenticAMD
[    0.000000]   NSC Geode by NSC
[    0.000000]   Cyrix CyrixInstead
[    0.000000]   Centaur CentaurHauls
[    0.000000]   Transmeta GenuineTMx86
[    0.000000]   Transmeta TransmetaCPU
[    0.000000]   UMC UMC UMC UMC
[    0.000000] x86/fpu: xstate_offset[2]:  576, xstate_sizes[2]:  256
[    0.000000] x86/fpu: Supporting XSAVE feature 0x01: 'x87 floating point registers'
[    0.000000] x86/fpu: Supporting XSAVE feature 0x02: 'SSE registers'
[    0.000000] x86/fpu: Supporting XSAVE feature 0x04: 'AVX registers'
[    0.000000] x86/fpu: Enabled xstate features 0x7, context size is 832 bytes, using 'standard' format.
[    0.000000] e820: BIOS-provided physical RAM map:
[    0.000000] BIOS-e820: [mem 0x0000000000000000-0x000000000009fbff] usable
[    0.000000] BIOS-e820: [mem 0x000000000009fc00-0x000000000009ffff] reserved
[    0.000000] BIOS-e820: [mem 0x00000000000f0000-0x00000000000fffff] reserved
[    0.000000] BIOS-e820: [mem 0x0000000000100000-0x000000001ffeffff] usable
[    0.000000] BIOS-e820: [mem 0x000000001fff0000-0x000000001fffffff] ACPI data
[    0.000000] BIOS-e820: [mem 0x00000000fec00000-0x00000000fec00fff] reserved
[    0.000000] BIOS-e820: [mem 0x00000000fee00000-0x00000000fee00fff] reserved
[    0.000000] BIOS-e820: [mem 0x00000000fffc0000-0x00000000ffffffff] reserved
[    0.000000] NX (Execute Disable) protection: active
[    0.000000] SMBIOS 2.5 present.
[    0.000000] Hypervisor detected: KVM
[    0.000000] e820: last_pfn = 0x1fff0 max_arch_pfn = 0x1000000
[    0.000000] MTRR: Disabled
[    0.000000] x86/PAT: MTRRs disabled, skipping PAT initialization too.
[    0.000000] CPU MTRRs all blank - virtualized system.
[    0.000000] x86/PAT: Configuration [0-7]: WB  WT  UC- UC  WB  WT  UC- UC  
[    0.000000] found SMP MP-table at [mem 0x0009fff0-0x0009ffff] mapped at [c009fff0]
[    0.000000] Scanning 1 areas for low memory corruption
[    0.000000] RAMDISK: [mem 0x1e938000-0x1f7a1fff]
[    0.000000] ACPI: Early table checksum verification disabled
[    0.000000] ACPI: RSDP 0x00000000000E0000 000024 (v02 VBOX  )
[    0.000000] ACPI: XSDT 0x000000001FFF0030 00003C (v01 VBOX   VBOXXSDT 00000001 ASL  00000061)
[    0.000000] ACPI: FACP 0x000000001FFF00F0 0000F4 (v04 VBOX   VBOXFACP 00000001 ASL  00000061)
[    0.000000] ACPI: DSDT 0x000000001FFF0470 0021FF (v02 VBOX   VBOXBIOS 00000002 INTL 20100528)
[    0.000000] ACPI: FACS 0x000000001FFF0200 000040
[    0.000000] ACPI: FACS 0x000000001FFF0200 000040
[    0.000000] ACPI: APIC 0x000000001FFF0240 000054 (v02 VBOX   VBOXAPIC 00000001 ASL  00000061)
[    0.000000] ACPI: SSDT 0x000000001FFF02A0 0001CC (v01 VBOX   VBOXCPUT 00000002 INTL 20100528)
[    0.000000] 0MB HIGHMEM available.
[    0.000000] 511MB LOWMEM available.
[    0.000000]   mapped low ram: 0 - 1fff0000
[    0.000000]   low ram: 0 - 1fff0000
[    0.000000] kvm-clock: Using msrs 4b564d01 and 4b564d00
[    0.000000] kvm-clock: cpu 0, msr 0:1ffef001, primary cpu clock
[    0.000000] kvm-clock: using sched offset of 4056293519 cycles
[    0.000000] clocksource: kvm-clock: mask: 0xffffffffffffffff max_cycles: 0x1cd42e4dffb, max_idle_ns: 881590591483 ns
[    0.000000] Zone ranges:
[    0.000000]   DMA      [mem 0x0000000000001000-0x0000000000ffffff]
[    0.000000]   Normal   [mem 0x0000000001000000-0x000000001ffeffff]
[    0.000000]   HighMem  empty
[    0.000000] Movable zone start for each node
[    0.000000] Early memory node ranges
[    0.000000]   node   0: [mem 0x0000000000001000-0x000000000009efff]
[    0.000000]   node   0: [mem 0x0000000000100000-0x000000001ffeffff]
[    0.000000] Initmem setup node 0 [mem 0x0000000000001000-0x000000001ffeffff]
[    0.000000] Using APIC driver default
[    0.000000] ACPI: PM-Timer IO Port: 0x4008
[    0.000000] IOAPIC[0]: apic_id 1, version 32, address 0xfec00000, GSI 0-23
[    0.000000] ACPI: INT_SRC_OVR (bus 0 bus_irq 0 global_irq 2 dfl dfl)
[    0.000000] ACPI: INT_SRC_OVR (bus 0 bus_irq 9 global_irq 9 low level)
[    0.000000] Using ACPI (MADT) for SMP configuration information
[    0.000000] smpboot: Allowing 1 CPUs, 0 hotplug CPUs
[    0.000000] PM: Registered nosave memory: [mem 0x00000000-0x00000fff]
[    0.000000] PM: Registered nosave memory: [mem 0x0009f000-0x0009ffff]
[    0.000000] PM: Registered nosave memory: [mem 0x000a0000-0x000effff]
[    0.000000] PM: Registered nosave memory: [mem 0x000f0000-0x000fffff]
[    0.000000] e820: [mem 0x20000000-0xfebfffff] available for PCI devices
[    0.000000] Booting paravirtualized kernel on KVM
[    0.000000] clocksource: refined-jiffies: mask: 0xffffffff max_cycles: 0xffffffff, max_idle_ns: 7645519600211568 ns
[    0.000000] setup_percpu: NR_CPUS:8 nr_cpumask_bits:8 nr_cpu_ids:1 nr_node_ids:1
[    0.000000] PERCPU: Embedded 19 pages/cpu @dfac1000 s47436 r0 d30388 u77824
[    0.000000] PV qspinlock hash table entries: 512 (order: 0, 4096 bytes)
[    0.000000] Built 1 zonelists in Zone order, mobility grouping on.  Total pages: 129678
[    0.000000] Kernel command line: BOOT_IMAGE=/boot/vmlinuz-4.4.0-140-generic root=LABEL=cloudimg-rootfs ro console=tty1 console=ttyS0
[    0.000000] PID hash table entries: 2048 (order: 1, 8192 bytes)
[    0.000000] Dentry cache hash table entries: 65536 (order: 6, 262144 bytes)
[    0.000000] Inode-cache hash table entries: 32768 (order: 5, 131072 bytes)
[    0.000000] Initializing CPU#0
[    0.000000] Initializing HighMem for node 0 (00000000:00000000)
[    0.000000] Memory: 489396K/523832K available (8051K kernel code, 778K rwdata, 3180K rodata, 952K init, 800K bss, 34436K reserved, 0K cma-reserved, 0K highmem)
[    0.000000] virtual kernel memory layout:
[    0.000000]     fixmap  : 0xfff15000 - 0xfffff000   ( 936 kB)
[    0.000000]     pkmap   : 0xffc00000 - 0xffe00000   (2048 kB)
[    0.000000]     vmalloc : 0xe07f0000 - 0xffbfe000   ( 500 MB)
[    0.000000]     lowmem  : 0xc0000000 - 0xdfff0000   ( 511 MB)
[    0.000000]       .init : 0xc1bbe000 - 0xc1cac000   ( 952 kB)
[    0.000000]       .data : 0xc17dd244 - 0xc1bbc9c0   (3965 kB)
[    0.000000]       .text : 0xc1000000 - 0xc17dd244   (8052 kB)
[    0.000000] Checking if this processor honours the WP bit even in supervisor mode...Ok.
[    0.000000] SLUB: HWalign=64, Order=0-3, MinObjects=0, CPUs=1, Nodes=1
[    0.000000] Hierarchical RCU implementation.
[    0.000000] 	Build-time adjustment of leaf fanout to 32.
[    0.000000] 	RCU restricting CPUs from NR_CPUS=8 to nr_cpu_ids=1.
[    0.000000] RCU: Adjusting geometry for rcu_fanout_leaf=32, nr_cpu_ids=1
[    0.000000] NR_IRQS:2304 nr_irqs:256 16
[    0.000000] Console: colour VGA+ 80x25
[    0.000000] console [tty1] enabled
[    0.000000] console [ttyS0] enabled
[    0.000000] allocated 524288 bytes of page_ext
[    0.000000] tsc: Detected 1991.997 MHz processor
[    4.781966] Calibrating delay loop (skipped) preset value.. 3983.99 BogoMIPS (lpj=7967988)
[    4.912064] pid_max: default: 32768 minimum: 301
[    4.913812] ACPI: Core revision 20150930
[    4.918006] ACPI: 2 ACPI AML tables successfully acquired and loaded
[    4.934478] Security Framework initialized
[    4.946954] Yama: becoming mindful.
[    4.960270] AppArmor: AppArmor initialized
[    4.961572] Mount-cache hash table entries: 1024 (order: 0, 4096 bytes)
[    4.963262] Mountpoint-cache hash table entries: 1024 (order: 0, 4096 bytes)
[    5.024429] Initializing cgroup subsys io
[    5.070613] Initializing cgroup subsys memory
[    5.173755] Initializing cgroup subsys devices
[    5.234252] Initializing cgroup subsys freezer
[    5.335170] Initializing cgroup subsys net_cls
[    5.366995] Initializing cgroup subsys perf_event
[    5.492153] Initializing cgroup subsys net_prio
[    5.537564] Initializing cgroup subsys hugetlb
[    5.549014] Initializing cgroup subsys pids
[    5.644908] mce: CPU supports 0 MCE banks
[    5.729560] process: using mwait in idle threads
[    5.783833] Last level iTLB entries: 4KB 64, 2MB 8, 4MB 8
[    5.842859] Last level dTLB entries: 4KB 64, 2MB 0, 4MB 0, 1GB 4
[    5.934693] Spectre V2 : Mitigation: Full generic retpoline
[    5.991871] Spectre V2 : Spectre v2 mitigation: Speculation control IBPB not-supported IBRS not-supported
[    6.007391] Spectre V2 : Spectre v2 / SpectreRSB mitigation: Filling RSB on context switch
[    6.036472] Speculative Store Bypass: Vulnerable
[    6.069798] Freeing SMP alternatives memory: 32K
[    6.145807] ftrace: allocating 31562 entries in 62 pages
[    6.282742] smpboot: APIC(0) Converting physical 0 to logical package 0
[    6.359341] smpboot: Max logical packages: 1
[    6.437910] Enabling APIC mode:  Flat.  Using 1 I/O APICs
[    6.453897] ..TIMER: vector=0x30 apic1=0 pin1=2 apic2=-1 pin2=-1
[    6.597155] smpboot: CPU0: Intel(R) Core(TM) i7-8550U CPU @ 1.80GHz (family: 0x6, model: 0x8e, stepping: 0xa)
[    6.715258] Performance Events: unsupported p6 CPU model 142 no PMU driver, software events only.
[    6.746569] KVM setup paravirtual spinlock
[    6.758653] x86: Booted up 1 node, 1 CPUs
[    6.787150] smpboot: Total of 1 processors activated (3983.99 BogoMIPS)
[    6.823229] devtmpfs: initialized
[    6.856352] evm: security.selinux
[    6.902216] evm: security.SMACK64
[    6.940453] evm: security.SMACK64EXEC
[    6.961525] evm: security.SMACK64TRANSMUTE
[    6.984814] evm: security.SMACK64MMAP
[    7.019726] evm: security.ima
[    7.074483] evm: security.capability
[    7.083166] clocksource: jiffies: mask: 0xffffffff max_cycles: 0xffffffff, max_idle_ns: 7645041785100000 ns
[    7.132116] futex hash table entries: 256 (order: 2, 16384 bytes)
[    7.156863] pinctrl core: initialized pinctrl subsystem
[    7.248450] RTC time: 15:46:28, date: 01/06/19
[    7.260527] NET: Registered protocol family 16
[    7.264989] EISA bus registered
[    7.266560] cpuidle: using governor ladder
[    7.268311] cpuidle: using governor menu
[    7.279266] PCCT header not found.
[    7.281422] ACPI: bus type PCI registered
[    7.289484] acpiphp: ACPI Hot Plug PCI Controller Driver version: 0.5
[    7.311346] PCI : PCI BIOS area is rw and x. Use pci=nobios if you want it NX.
[    7.319775] PCI: PCI BIOS revision 2.10 entry at 0xfda26, last bus=0
[    7.322969] PCI: Using configuration type 1 for base access
[    7.335623] ACPI: Added _OSI(Module Device)
[    7.338150] ACPI: Added _OSI(Processor Device)
[    7.343124] ACPI: Added _OSI(3.0 _SCP Extensions)
[    7.352567] ACPI: Added _OSI(Processor Aggregator Device)
[    7.357091] ACPI: Executed 1 blocks of module-level executable AML code
[    7.368603] ACPI: Interpreter enabled
[    7.370779] ACPI: (supports S0 S5)
[    7.372921] ACPI: Using IOAPIC for interrupt routing
[    7.376562] PCI: Using host bridge windows from ACPI; if necessary, use "pci=nocrs" and report a bug
[    7.416403] ACPI: PCI Root Bridge [PCI0] (domain 0000 [bus 00-ff])
[    7.447233] acpi PNP0A03:00: _OSC: OS supports [ASPM ClockPM Segments MSI]
[    7.457820] acpi PNP0A03:00: _OSC: not requesting OS control; OS requires [ExtendedConfig ASPM ClockPM MSI]
[    7.498156] acpi PNP0A03:00: fail to add MMCONFIG information, can't access extended PCI configuration space under this bridge.
[    7.591408] PCI host bridge to bus 0000:00
[    7.630352] pci_bus 0000:00: root bus resource [io  0x0000-0x0cf7 window]
[    7.647112] pci_bus 0000:00: root bus resource [io  0x0d00-0xffff window]
[    7.649735] pci_bus 0000:00: root bus resource [mem 0x000a0000-0x000bffff window]
[    7.659294] pci_bus 0000:00: root bus resource [mem 0x20000000-0xfdffffff window]
[    7.666828] pci_bus 0000:00: root bus resource [bus 00-ff]
[    7.688008] pci 0000:00:01.1: legacy IDE quirk: reg 0x10: [io  0x01f0-0x01f7]
[    7.691905] pci 0000:00:01.1: legacy IDE quirk: reg 0x14: [io  0x03f6]
[    7.722047] pci 0000:00:01.1: legacy IDE quirk: reg 0x18: [io  0x0170-0x0177]
[    7.746167] pci 0000:00:01.1: legacy IDE quirk: reg 0x1c: [io  0x0376]
[    7.820184] pci 0000:00:07.0: quirk: [io  0x4000-0x403f] claimed by PIIX4 ACPI
[    7.952295] pci 0000:00:07.0: quirk: [io  0x4100-0x410f] claimed by PIIX4 SMB
[    8.121792] ACPI: PCI Interrupt Link [LNKA] (IRQs 5 9 10 *11)
[    8.187018] ACPI: PCI Interrupt Link [LNKB] (IRQs 5 9 *10 11)
[    8.240072] ACPI: PCI Interrupt Link [LNKC] (IRQs 5 *9 10 11)
[    8.338104] ACPI: PCI Interrupt Link [LNKD] (IRQs 5 9 10 *11)
[    8.395387] ACPI: Enabled 2 GPEs in block 00 to 07
[    8.455580] vgaarb: setting as boot device: PCI:0000:00:02.0
[    8.594546] vgaarb: device added: PCI:0000:00:02.0,decodes=io+mem,owns=io+mem,locks=none
[    8.622795] vgaarb: loaded
[    8.651276] vgaarb: bridge control possible 0000:00:02.0
[    8.674548] SCSI subsystem initialized
[    8.755086] ACPI: bus type USB registered
[    8.833850] usbcore: registered new interface driver usbfs
[    8.944930] usbcore: registered new interface driver hub
[    8.967438] usbcore: registered new device driver usb
[    8.988033] PCI: Using ACPI for IRQ routing
[    8.989761] NetLabel: Initializing
[    8.990817] NetLabel:  domain hash size = 128
[    8.992045] NetLabel:  protocols = UNLABELED CIPSOv4
[    9.000950] NetLabel:  unlabeled traffic allowed by default
[    9.002811] amd_nb: Cannot enumerate AMD northbridges
[    9.035494] clocksource: Switched to clocksource kvm-clock
[    9.060491] AppArmor: AppArmor Filesystem Enabled
[    9.084529] pnp: PnP ACPI init
[    9.086912] pnp: PnP ACPI: found 3 devices
[    9.094864] PnPBIOS: Disabled by ACPI PNP
[    9.132300] clocksource: acpi_pm: mask: 0xffffff max_cycles: 0xffffff, max_idle_ns: 2085701024 ns
[    9.141525] NET: Registered protocol family 2
[    9.149953] TCP established hash table entries: 4096 (order: 2, 16384 bytes)
[    9.245774] TCP bind hash table entries: 4096 (order: 3, 32768 bytes)
[    9.274948] TCP: Hash tables configured (established 4096 bind 4096)
[    9.300506] UDP hash table entries: 256 (order: 1, 8192 bytes)
[    9.301848] UDP-Lite hash table entries: 256 (order: 1, 8192 bytes)
[    9.305009] NET: Registered protocol family 1
[    9.306428] pci 0000:00:00.0: Limiting direct PCI/PCI transfers
[    9.319449] pci 0000:00:01.0: Activating ISA DMA hang workarounds
[    9.404354] Unpacking initramfs...
[    9.982985] Freeing initrd memory: 14760K
[   10.029240] platform rtc_cmos: registered platform RTC device (no PNP device found)
[   10.110782] Scanning for low memory corruption every 60 seconds
[   10.120300] audit: initializing netlink subsys (disabled)
[   10.131173] audit: type=2000 audit(1546789588.437:1): initialized
[   10.155677] Initialise system trusted keyring
[   10.238582] HugeTLB registered 2 MB page size, pre-allocated 0 pages
[   10.279087] zbud: loaded
[   10.290175] VFS: Disk quotas dquot_6.6.0
[   10.291306] VFS: Dquot-cache hash table entries: 1024 (order 0, 4096 bytes)
[   10.293302] squashfs: version 4.0 (2009/01/31) Phillip Lougher
[   10.303997] fuse init (API version 7.23)
[   10.311781] Key type big_key registered
[   10.313314] Allocating IMA MOK and blacklist keyrings.
[   10.322376] Key type asymmetric registered
[   10.341799] Asymmetric key parser 'x509' registered
[   10.356312] bounce: pool size: 64 pages
[   10.365292] Block layer SCSI generic (bsg) driver version 0.4 loaded (major 249)
[   10.407111] io scheduler noop registered
[   10.459915] io scheduler deadline registered (default)
[   10.566207] io scheduler cfq registered
[   10.620102] pci_hotplug: PCI Hot Plug PCI Core version: 0.5
[   10.713996] pciehp: PCI Express Hot Plug Controller Driver version: 0.4
[   10.863894] ACPI: AC Adapter [AC] (off-line)
[   10.944909] input: Power Button as /devices/LNXSYSTM:00/LNXPWRBN:00/input/input0
[   11.085107] tsc: Refined TSC clocksource calibration: 1991.151 MHz
[   11.223121] clocksource: tsc: mask: 0xffffffffffffffff max_cycles: 0x39670e6f29f, max_idle_ns: 881590760111 ns
[   11.345216] ACPI: Power Button [PWRF]
[   11.360909] input: Sleep Button as /devices/LNXSYSTM:00/LNXSLPBN:00/input/input1
[   11.363111] ACPI: Sleep Button [SLPF]
[   11.431154] ACPI: Battery Slot [BAT0] (battery present)
[   11.440169] GHES: HEST is not enabled!
[   11.451854] isapnp: Scanning for PnP cards...
[   11.458595] Serial: 8250/16550 driver, 32 ports, IRQ sharing enabled
[   11.552643] 00:02: ttyS0 at I/O 0x3f8 (irq = 4, base_baud = 115200) is a 16550A
[   11.782222] Linux agpgart interface v0.103
[   12.350467] isapnp: No Plug & Play device found
[   12.433103] loop: module loaded
[   12.490384] scsi host0: ata_piix
[   12.526609] scsi host1: ata_piix
[   12.558264] ata1: PATA max UDMA/33 cmd 0x1f0 ctl 0x3f6 bmdma 0xd000 irq 14
[   12.560898] ata2: PATA max UDMA/33 cmd 0x170 ctl 0x376 bmdma 0xd008 irq 15
[   12.564198] libphy: Fixed MDIO Bus: probed
[   12.567540] tun: Universal TUN/TAP device driver, 1.6
[   12.575487] tun: (C) 1999-2004 Max Krasnyansky <maxk@qualcomm.com>
[   12.576990] PPP generic driver version 2.4.2
[   12.584237] ehci_hcd: USB 2.0 'Enhanced' Host Controller (EHCI) Driver
[   12.647765] ehci-pci: EHCI PCI platform driver
[   12.677025] ehci-platform: EHCI generic platform driver
[   12.682309] ohci_hcd: USB 1.1 'Open' Host Controller (OHCI) Driver
[   12.712014] ohci-pci: OHCI PCI platform driver
[   12.713444] ohci-platform: OHCI generic platform driver
[   12.723113] uhci_hcd: USB Universal Host Controller Interface driver
[   12.770795] i8042: PNP: PS/2 Controller [PNP0303:PS2K,PNP0f03:PS2M] at 0x60,0x64 irq 1,12
[   12.826516] serio: i8042 KBD port at 0x60,0x64 irq 1
[   12.837309] serio: i8042 AUX port at 0x60,0x64 irq 12
[   12.860529] mousedev: PS/2 mouse device common for all mice
[   12.871041] input: AT Translated Set 2 keyboard as /devices/platform/i8042/serio0/input/input2
[   12.883449] rtc_cmos rtc_cmos: rtc core: registered rtc_cmos as rtc0
[   12.892912] rtc_cmos rtc_cmos: alarms up to one day, 114 bytes nvram
[   12.917170] i2c /dev entries driver
[   12.952802] device-mapper: uevent: version 1.0.3
[   13.014959] device-mapper: ioctl: 4.34.0-ioctl (2015-10-28) initialised: dm-devel@redhat.com
[   13.091978] platform eisa.0: Probing EISA bus 0
[   13.149775] platform eisa.0: EISA: Cannot allocate resource for mainboard
[   13.268454] platform eisa.0: Cannot allocate resource for EISA slot 1
[   13.368023] platform eisa.0: Cannot allocate resource for EISA slot 2
[   13.462956] platform eisa.0: Cannot allocate resource for EISA slot 3
[   13.600999] platform eisa.0: Cannot allocate resource for EISA slot 4
[   13.602836] platform eisa.0: Cannot allocate resource for EISA slot 5
[   13.610868] platform eisa.0: Cannot allocate resource for EISA slot 6
[   13.642484] platform eisa.0: Cannot allocate resource for EISA slot 7
[   13.646163] platform eisa.0: Cannot allocate resource for EISA slot 8
[   13.683925] platform eisa.0: EISA: Detected 0 cards
[   13.755523] cpufreq-nforce2: No nForce2 chipset.
[   13.813752] ledtrig-cpu: registered to indicate activity on CPUs
[   13.921420] NET: Registered protocol family 10
[   14.024816] NET: Registered protocol family 17
[   14.074051] Key type dns_resolver registered
[   14.083622] Using IPI No-Shortcut mode
[   14.094986] registered taskstats version 1
[   14.102031] Loading compiled-in X.509 certificates
[   14.114327] Loaded X.509 cert 'Build time autogenerated kernel key: 394b85283aa7d7d55227110a050a8da0339034b4'
[   14.136944] zswap: loaded using pool lzo/zbud
[   14.227168] Key type trusted registered
[   14.257571] Key type encrypted registered
[   14.258648] AppArmor: AppArmor sha1 policy hashing enabled
[   14.259961] ima: No TPM chip found, activating TPM-bypass!
[   14.261333] ima: Allocated hash algorithm: sha1
[   14.262415] evm: HMAC attrs: 0x1
[   14.263603]   Magic number: 3:246:790
[   14.271001] rtc_cmos rtc_cmos: setting system clock to 2019-01-06 15:46:35 UTC (1546789595)
[   14.308756] BIOS EDD facility v0.16 2004-Jun-25, 0 devices found
[   14.333582] EDD information not available.
[   14.336200] Freeing unused kernel memory: 952K
[   14.348298] Write protecting the kernel text: 8056k
[   14.356639] Write protecting the kernel read-only data: 3184k
[   14.366958] NX-protecting the kernel data: 6280k
Loading, please [   14.406102] random: udevadm: uninitialized urandom read (16 bytes read, 6 bits of entropy available)
wait...
startin[   14.545920] random: systemd-udevd: uninitialized urandom read (16 bytes read, 6 bits of entropy available)
g version 229
[   14.616622] random: systemd-udevd: uninitialized urandom read (16 bytes read, 6 bits of entropy available)
[   14.723702] random: systemd-udevd: uninitialized urandom read (16 bytes read, 6 bits of entropy available)
[   14.733986] random: udevadm: uninitialized urandom read (16 bytes read, 6 bits of entropy available)
[   14.761563] random: udevadm: uninitialized urandom read (16 bytes read, 6 bits of entropy available)
[   14.860122] random: udevadm: uninitialized urandom read (16 bytes read, 6 bits of entropy available)
[   14.980829] random: udevadm: uninitialized urandom read (16 bytes read, 6 bits of entropy available)
[   15.044804] random: udevadm: uninitialized urandom read (16 bytes read, 6 bits of entropy available)
[   15.144538] random: udevadm: uninitialized urandom read (16 bytes read, 6 bits of entropy available)
[   15.331516] e1000: Intel(R) PRO/1000 Network Driver - version 7.3.21-k8-NAPI
[   15.531553] e1000: Copyright (c) 1999-2006 Intel Corporation.
[   15.710616] Fusion MPT base driver 3.04.20
[   15.788004] Copyright (c) 1999-2008 LSI Corporation
[   15.921293] Fusion MPT SPI Host driver 3.04.20
[   16.015126] mptbase: ioc0: Initiating bringup
[   16.123757] input: ImExPS/2 Generic Explorer Mouse as /devices/platform/i8042/serio1/input/input4
[   16.380409] ioc0: LSI53C1030 A0: Capabilities={Initiator}
[   16.623844] scsi host2: ioc0: LSI53C1030 A0, FwRev=00000000h, Ports=1, MaxQ=256, IRQ=20
[   16.853546] scsi 2:0:0:0: Direct-Access     VBOX     HARDDISK         1.0  PQ: 0 ANSI: 5
[   16.908638] scsi target2:0:0: Beginning Domain Validation
[   17.009279] scsi target2:0:0: Domain Validation skipping write tests
[   17.036613] scsi target2:0:0: Ending Domain Validation
[   17.219851] scsi target2:0:0: asynchronous
[   17.265962] scsi 2:0:1:0: Direct-Access     VBOX     HARDDISK         1.0  PQ: 0 ANSI: 5
[   17.288635] scsi target2:0:1: Beginning Domain Validation
[   17.369778] scsi target2:0:1: Domain Validation skipping write tests
[   17.371801] scsi target2:0:1: Ending Domain Validation
[   17.398250] scsi target2:0:1: asynchronous
[   17.472382] sd 2:0:0:0: Attached scsi generic sg0 type 0
[   17.482123] sd 2:0:0:0: [sda] 20971520 512-byte logical blocks: (10.7 GB/10.0 GiB)
[   17.486529] sd 2:0:0:0: [sda] Write Protect is off
[   17.488452] sd 2:0:0:0: [sda] Incomplete mode parameter data
[   17.491688] sd 2:0:0:0: [sda] Assuming drive cache: write through
[   17.505638] sd 2:0:1:0: [sdb] 20480 512-byte logical blocks: (10.5 MB/10.0 MiB)
[   17.510686] sd 2:0:1:0: Attached scsi generic sg1 type 0
[   17.520958] sd 2:0:1:0: [sdb] Write Protect is off
[   17.523101] sd 2:0:1:0: [sdb] Incomplete mode parameter data
[   17.525183] sd 2:0:1:0: [sdb] Assuming drive cache: write through
[   17.530524] e1000 0000:00:03.0 eth0: (PCI:33MHz:32-bit) 02:9d:41:38:04:50
[   17.540736] e1000 0000:00:03.0 eth0: Intel(R) PRO/1000 Network Connection
[   17.547387]  sda: sda1
[   17.551074] sd 2:0:0:0: [sda] Attached SCSI disk
[   17.554115] sd 2:0:1:0: [sdb] Attached SCSI disk
[   18.321406] e1000 0000:00:08.0 eth1: (PCI:33MHz:32-bit) 08:00:27:a4:16:64
[   18.325632] e1000 0000:00:08.0 eth1: Intel(R) PRO/1000 Network Connection
[   18.335945] e1000 0000:00:03.0 enp0s3: renamed from eth0
[   18.340443] e1000 0000:00:08.0 enp0s8: renamed from eth1
Begin: Loading essential drivers ... [   19.969320] md: linear personality registered for level -1
[   19.987064] md: multipath personality registered for level -4
[   19.994361] md: raid0 personality registered for level 0
[   20.015503] md: raid1 personality registered for level 1
[   20.107579] raid6: mmxx1    gen()  2755 MB/s
[   20.195677] raid6: mmxx2    gen()  3091 MB/s
[   20.283640] raid6: sse1x1   gen()  2224 MB/s
[   20.399970] raid6: sse1x2   gen()  4111 MB/s
[   20.475854] raid6: sse2x1   gen()  5598 MB/s
[   20.559875] raid6: sse2x1   xor()  3271 MB/s
[   20.647779] raid6: sse2x2   gen()  5518 MB/s
[   20.744618] raid6: sse2x2   xor()  5101 MB/s
[   20.851707] raid6: avx2x1   gen()  9894 MB/s
[   20.995835] raid6: avx2x2   gen()  9984 MB/s
[   21.034738] raid6: using algorithm avx2x2 gen() 9984 MB/s
[   21.063575] raid6: using avx2x1 recovery algorithm
[   21.148182] xor: automatically using best checksumming function:
[   21.303523]    avx       : 11766.000 MB/sec
[   21.373512] async_tx: api initialized (async)
[   21.421550] md: raid6 personality registered for level 6
[   21.459608] md: raid5 personality registered for level 5
[   21.505962] md: raid4 personality registered for level 4
[   21.525271] md: raid10 personality registered for level 10
done.
Begin: Running /scripts/init-premount ... done.
Begin: Mounting root file system ... Begin: R[   21.707955] Btrfs loaded
unning /scripts/local-top ... done.
Begin: Running /scripts/local-premount ... [   21.824704] EXT4-fs (sda1): mounted filesystem with ordered data mode. Opts: (null)
Scanning for Btrfs filesystems
done.
Warning: fsck not present, so skipping root file system
done.
Begin: Running /scripts/local-bottom ... done.
Begin: Running /scripts/init-bottom ... done.
[   22.157968] systemd[1]: systemd 229 running in system mode. (+PAM +AUDIT +SELINUX +IMA +APPARMOR +SMACK +SYSVINIT +UTMP +LIBCRYPTSETUP +GCRYPT +GNUTLS +ACL +XZ -LZ4 +SECCOMP +BLKID +ELFUTILS +KMOD -IDN)
[   22.261754] systemd[1]: Detected virtualization oracle.
[   22.263043] systemd[1]: Detected architecture x86.

Welcome to [1mUbuntu 16.04.5 LTS[0m!

[   22.324554] systemd[1]: Set hostname to <kouosl>.
[   22.429239] random: nonblocking pool is initialized
[   22.586115] systemd[1]: Started Trigger resolvconf update for networkd DNS.
[[0;32m  OK  [0m] Started Trigger resolvconf update for networkd DNS.
[   22.594497] systemd[1]: Reached target Encrypted Volumes.
[[0;32m  OK  [0m] Reached target Encrypted Volumes.
[   22.599984] systemd[1]: Listening on Journal Socket (/dev/log).
[[0;32m  OK  [0m] Listening on Journal Socket (/dev/log).
[   22.608881] systemd[1]: Created slice User and Session Slice.
[[0;32m  OK  [0m] Created slice User and Session Slice.
[   22.628090] systemd[1]: Listening on /dev/initctl Compatibility Named Pipe.
[[0;32m  OK  [0m] Listening on /dev/initctl Compatibility Named Pipe.
[   22.632362] systemd[1]: Listening on Syslog Socket.
[[0;32m  OK  [0m] Listening on Syslog Socket.
[   22.638565] systemd[1]: Set up automount Arbitrary Executable File Formats File System Automount Point.
[[0;32m  OK  [0m] Set up automount Arbitrary Executab...ats File System Automount Point.
[   22.647047] systemd[1]: Reached target Swap.
[[0;32m  OK  [0m] Reached target Swap.
[   22.650281] systemd[1]: Listening on udev Control Socket.
[[0;32m  OK  [0m] Listening on udev Control Socket.
[   22.655619] systemd[1]: Listening on Journal Audit Socket.
[[0;32m  OK  [0m] Listening on Journal Audit Socket.
[   22.658631] systemd[1]: Reached target System Time Synchronized.
[[0;32m  OK  [0m] Reached target System Time Synchronized.
[   22.661922] systemd[1]: Listening on Journal Socket.
[[0;32m  OK  [0m] Listening on Journal Socket.
[   22.664814] systemd[1]: Listening on LVM2 poll daemon socket.
[[0;32m  OK  [0m] Listening on LVM2 poll daemon socket.
[   22.667837] systemd[1]: Listening on Device-mapper event daemon FIFOs.
[[0;32m  OK  [0m] Listening on Device-mapper event daemon FIFOs.
[   22.671294] systemd[1]: Reached target User and Group Name Lookups.
[[0;32m  OK  [0m] Reached target User and Group Name Lookups.
[   22.679727] systemd[1]: Started Forward Password Requests to Wall Directory Watch.
[[0;32m  OK  [0m] Started Forward Password Requests to Wall Directory Watch.
[   22.691801] systemd[1]: Listening on LVM2 metadata daemon socket.
[[0;32m  OK  [0m] Listening on LVM2 metadata daemon socket.
[   22.719778] systemd[1]: Listening on udev Kernel Socket.
[[0;32m  OK  [0m] Listening on udev Kernel Socket.
[   22.812707] systemd[1]: Created slice System Slice.
[[0;32m  OK  [0m] Created slice System Slice.
[   22.911570] systemd[1]: Starting Load Kernel Modules...
         Starting Load Ke[   23.018825] Loading iSCSI transport class v2.0-870.
rnel Modules...
[   23.068771] systemd[1]: Mounting POSIX Message Queue File System...
[   23.126926] iscsi: registered transport (tcp)
         Mounting POSIX Message Queue File System...
[   23.201106] systemd[1]: Starting Create list of required static device nodes for the current kernel...
         Starting Create [   23.304698] iscsi: registered transport (iser)
list of required st... nodes for the current kernel...
[   23.365093] systemd[1]: Mounting Huge Pages File System...
         Mounting Huge Pages File System...
[   23.472363] systemd[1]: Created slice system-serial\x2dgetty.slice.
[[0;32m  OK  [0m] Created slice system-serial\x2dgetty.slice.
[   23.489948] systemd[1]: Mounting Debug File System...
         Mounting Debug File System...
[   23.600936] systemd[1]: Starting Set console keymap...
         Starting Set console keymap...
[   23.666346] systemd[1]: Starting Remount Root and Kernel File Systems...
         Starting Remount[   23.712504] EXT4-fs (sda1): re-mounted. Opts: (null)
 Root and Kernel File Systems...
[   23.742746] systemd[1]: Starting Nameserver information manager...
         Starting Nameserver information manager...
[   23.825588] systemd[1]: Starting Uncomplicated firewall...
         Starting Uncomplicated firewall...
[   23.908532] systemd[1]: Starting Monitoring of LVM2 mirrors, snapshots etc. using dmeventd or progress polling...
         Starting Monitoring of LVM2 mirrors... dmeventd or progress polling...
[   24.153462] systemd[1]: Starting Journal Service...
         Starting Journal Service...
[   24.307948] systemd[1]: Reached target Slices.
[[0;32m  OK  [0m] Reached target Slices.
[   24.462250] systemd[1]: Mounted Huge Pages File System.
[[0;32m  OK  [0m] Mounted Huge Pages File System.
[   24.553560] systemd[1]: Mounted POSIX Message Queue File System.
[[0;32m  OK  [0m] Mounted POSIX Message Queue File System.
[   24.720394] systemd[1]: Mounted Debug File System.
[[0;32m  OK  [0m] Mounted Debug File System.
[   24.776929] systemd[1]: Started Journal Service.
[[0;32m  OK  [0m] Started Journal Service.
[[0;32m  OK  [0m] Started Load Kernel Modules.
[[0;32m  OK  [0m] Started Create list of required sta...ce nodes for the current kernel.
[[0;32m  OK  [0m] Started Set console keymap.
[[0;32m  OK  [0m] Started Remount Root and Kernel File Systems.
[[0;32m  OK  [0m] Started Uncomplicated firewall.
[[0;32m  OK  [0m] Started Nameserver information manager.
[[0;32m  OK  [0m] Started LVM2 metadata daemon.
         Starting Load/Save Random Seed...
         Starting udev Coldplug all Devices...
         Starting Create Static Device Nodes in /dev...
         Starting Apply Kernel Variables...
         Mounting FUSE Control File System...
         Starting Flush Journal to Persistent Storage...
[[0;32m  OK  [0m] Mounted FUSE Control File System.
[[0;32m  OK  [0m] Started Monitoring of LVM2 mirrors,...ng dmeventd or progress polling.
[[0;32m  OK  [0m] Started Load/Save Random Seed.
[[0;32m  OK  [0m] Started Create Static Device Nodes in /dev.
[[0;32m  OK  [0m] Started Apply Kernel Variables.
[[0;32m  OK  [0m] Started udev Coldplug all Devices.
[[0;32m  OK  [0m] Started Flush Journal to Persistent Storage.
         Starting udev Kernel Device Manager...
[[0;32m  OK  [0m] Reached target Local File Systems (Pre).
[[0;32m  OK  [0m] Reached target Local File Systems.
         Starting Tell Plymouth To Write Out Runtime Data...
         Starting Create Volatile Files and Directories...
         Starting Set console font and keymap...
         Starting LSB: AppArmor initialization...
         Starting Initial cloud-init job (pre-networking)...
[[0;32m  OK  [0m] Started udev Kernel Device Manager.
[[0;32m  OK  [0m] Started Tell Plymouth To Write Out Runtime Data.
[[0;32m  OK  [0m] Started Create Volatile Files and Directories.
[[0;32m  OK  [0m] Found device /dev/ttyS0.
[[0;32m  OK  [0m] Listening on Load/Save RF Kill Switch Status /dev/rfkill Watch.
         Starting Update UTMP about System Boot/Shutdown...
[[0;32m  OK  [0m] Started Dispatch Password Requests to Console Directory Watch.
[[0;32m  OK  [0m] Started LSB: AppArmor initialization.
[[0;32m  OK  [0m] Started Set console font and keymap.
[[0;32m  OK  [0m] Found device 82540EM Gigabit Ethern...r (PRO/1000 MT Desktop Adapter).
[[0;32m  OK  [0m] Created slice system-getty.slice.
[   20.844585] cloud-init[516]: Cloud-init v. 18.4-0ubuntu1~16.04.2 running 'init-local' at Sun, 06 Jan 2019 15:46:49 +0000. Up 20.05 seconds.
[[0;32m  OK  [0m] Started Update UTMP about System Boot/Shutdown.
[[0;32m  OK  [0m] Started Initial cloud-init job (pre-networking).
[[0;32m  OK  [0m] Found device 82540EM Gigabit Ethern...r (PRO/1000 MT Desktop Adapter).
[[0;32m  OK  [0m] Reached target Network (Pre).
[[0;32m  OK  [0m] Started ifup for enp0s8.
         Starting Raise network interfaces...
[[0;32m  OK  [0m] Started ifup for enp0s3.
[[0;32m  OK  [0m] Started Raise network interfaces.
         Starting Initial cloud-init job (metadata service crawler)...
[[0;32m  OK  [0m] Reached target Network.
[   22.987257] cloud-init[1068]: Cloud-init v. 18.4-0ubuntu1~16.04.2 running 'init' at Sun, 06 Jan 2019 15:46:52 +0000. Up 22.50 seconds.
[   23.065225] cloud-init[1068]: ci-info: ++++++++++++++++++++++++++++++++++++++Net device info+++++++++++++++++++++++++++++++++++++++
[[0;32m  OK  [0m] Started Initial cloud-init job (metadata service crawler).[   23.076332] cloud-init[1068]: ci-info: +--------+------+-----------------------------+---------------+--------+-------------------+
[   23.078806] cloud-init[1068]: ci-info: | Device |  Up  |           Address           |      Mask     | Scope  |     Hw-Address    |
[   23.079328] cloud-init[1068]: ci-info: +--------+------+-----------------------------+---------------+--------+-------------------+
[   23.079438] cloud-init[1068]: ci-info: | enp0s3 | True |          10.0.2.15          | 255.255.255.0 | global | 02:9d:41:38:04:50 |
[   23.079547] cloud-init[1068]: ci-info: | enp0s3 | True |  fe80::9d:41ff:fe38:450/64  |       .       |  link  | 02:9d:41:38:04:50 |
[   23.079647] cloud-init[1068]: ci-info: | enp0s8 | True |        192.168.83.137       | 255.255.255.0 | global | 08:00:27:a4:16:64 |
[   23.079763] cloud-init[1068]: ci-info: | enp0s8 | True | fe80::a00:27ff:fea4:1664/64 |       .       |  link  | 08:00:27:a4:16:64 |
[   23.079897] cloud-init[1068]: ci-info: |   lo   | True |          127.0.0.1          |   255.0.0.0   |  host  |         .         |
[   23.080003] cloud-init[1068]: ci-info: |   lo   | True |           ::1/128           |       .       |  host  |         .         |
[   23.080102] cloud-init[1068]: ci-info: +--------+------+-----------------------------+---------------+--------+-------------------+
[   23.080199] cloud-init[1068]: ci-info: ++++++++++++++++++++++++++++Route IPv4 info++++++++++++++++++++++++++++
[   23.080302] cloud-init[1068]: ci-info: +-------+--------------+----------+---------------+-----------+-------+

[   23.081117] cloud-init[1068]: ci-info: | Route | Destination  | Gateway  |    Genmask    | Interface | Flags |
[   23.929046] cloud-init[1068]: ci-info: +-------+--------------+----------+---------------+-----------+-------+
[   23.958492] cloud-init[1068]: ci-info: |   0   |   0.0.0.0    | 10.0.2.2 |    0.0.0.0    |   enp0s3  |   UG  |[[0;32m  OK  [0m] Reached target Cloud-config availability.
[[0;32m  OK  [0m] Reached target System Initialization.
[[0;32m  OK  [0m] Listening on ACPID Listen Socket.
[[0;32m  OK  [0m] Listening on D-Bus System Message Bus Socket.

[[   23.984381] cloud-init[1068]: ci-info: |   1   |   10.0.2.0   | 0.0.0.0  | 255.255.255.0 |   enp0s3  |   U   |
[   23.987351] cloud-init[0;32m  OK  [0m] Started ACPI Events Check.
[[0;32m  OK  [0m] Reached target Paths.
         Starting Socket activation for snappy daemon.
[[0;32m  OK  [0m] Started Daily Cleanup of Temporary Directories.
[1068]: ci-info: |   2   | 192.168.83.0 | 0.0.0.0  | 255.255.255.0 |   enp0s8  |   U   |
[   24.005351] cloud-init[1068]: ci-info: +-------+--------------+----------+---------------+-----------+-------+
[   24.009441] cloud-init[1068]: ci-info: +++++++++++++++++++Route IPv6 info+++++++++++++++++++
         Starting LXD - unix socket.
[   24.024080] cloud-init[1068]: ci-info: +-------+-------------+---------+-----------+-------+
[   24.064509] cloud-init[1068]: ci-info: | Route | Destination | Gateway | Interface | Flags |
[   24.087270] cloud-init[[0;32m  OK  [0m] Started Daily apt download activities.
[[0;32m  OK  [0m] Started Daily apt upgrade and clean activities.
[[0;32m  OK  [0m] Reached target Timers.
[[0;32m  OK  [0m] Listening on UUID daemon activation socket.
[[0;32m  OK  [0m] Reached target Network is Online.
         Starting iSCSI initiator daemon (iscsid)...
[1068]: ci-info: +-------+-------------+---------+-----------+-------+
[   24.100228] cloud-init[1068]: ci-info: |   0   |  fe80::/64  |    ::   |   enp0s8  |   U   |[[0;32m  OK  [0m] Listening on Socket activation for snappy daemon.
[[0;32m  OK  [0m] Listening on LXD - unix socket.
[[0;32m  OK  [0m] Reached target Sockets.
[[0;32m  OK  [0m] Reached target Basic System.
         Starting LSB: Record successful boot for GRUB...
[[0;32m  OK  [0m] Started FUSE filesystem for LXC.

         Starting /etc/rc.local Compatibility...
[   24.356351] cloud-init[1068]: ci-info: |   1   |  fe80::/64  |    ::   |   enp0s3  |   U   |
[   24.401615] cloud-init[1068]: ci-info: |   4   |   ff00::/8  |    ::   |   enp0s8  |   U   |
[[0;32m  OK  [0m] Started Regular background program processing daemon.
[   24.436315] cloud-init[1068]:          Starting LSB: MD monitoring daemon...
         Starting Login Service...
ci-info: |   5   |   ff00::/8  |    ::   |   enp0s3  |   U   |
         Starting Accounts Service...
[   24.566400] cloud-init[1068]: ci-info: +-------+-------------+---------+-----------+-------+
         Starting OpenBSD Secure Shell server...
[[0;32m  OK  [0m] Started D-Bus System Message Bus.
[[0;32m  OK  [0m] Started Deferred execution scheduler.
[[0;32m  OK  [0m] Started ACPI event daemon.
         Starting Virtualbox guest utils...
         Starting System Logging Service...
         Starting LXD - container startup/shutdown...
[[0;32m  OK  [0m] Started Unattended Upgrades Shutdown.
         Starting Snappy daemon...
[[0;32m  OK  [0m] Started System Logging Service.
[[0;32m  OK  [0m] Started /etc/rc.local Compatibility.
[[0;32m  OK  [0m] Started iSCSI initiator daemon (iscsid).
[[0;32m  OK  [0m] Started OpenBSD Secure Shell server.
[[0;32m  OK  [0m] Started LXD - container startup/shutdown.
[[0;32m  OK  [0m] Started Snappy daemon.
[[0;32m  OK  [0m] Started LSB: Record successful boot for GRUB.
[[0;32m  OK  [0m] Started LSB: MD monitoring daemon.
[[0;32m  OK  [0m] Started Virtualbox guest utils.
[[0;32m  OK  [0m] Started Login Service.
         Starting Authenticate and Authorize Users to Run Privileged Tasks...
         Starting Wait until snapd is fully seeded...
         Starting Login to default iSCSI targets...
[[0;32m  OK  [0m] Started Wait until snapd is fully seeded.
[[0;32m  OK  [0m] Started Authenticate and Authorize Users to Run Privileged Tasks.
[[0;32m  OK  [0m] Started Accounts Service.
[[0;32m  OK  [0m] Started Login to default iSCSI targets.
[[0;32m  OK  [0m] Reached target Remote File Systems (Pre).
[[0;32m  OK  [0m] Reached target Remote File Systems.
         Starting LSB: Start and stop the mysql database server daemon...
         Starting LSB: Apache2 web server...
         Starting Permit User Sessions...
         Starting LSB: daemon to balance interrupts for SMP systems...
         Starting LSB: Set the CPU Frequency Scaling governor to "ondemand"...
         Starting LSB: automatic crash report generation...
         Starting Apply the settings specified in cloud-config...
[[0;32m  OK  [0m] Started Permit User Sessions.
         Starting Hold until boot process finishes up...
         Starting Terminate Plymouth Boot Screen...
[[0;32m  OK  [0m] Started Hold until boot process finishes up.
[[0;32m  OK  [0m] Started LSB: daemon to balance interrupts for SMP systems.
[[0;32m  OK  [0m] Started LSB: Set the CPU Frequency Scaling governor to "ondemand".
[[0;32m  OK  [0m] Started LSB: automatic crash report generation.
[[0;32m  OK  [0m] Started Terminate Plymouth Boot Screen.
[[0;32m  OK  [0m] Created slice User Slice of vagrant.
         Starting User Manager for UID 1000...
[[0;32m  OK  [0m] Started Getty on tty1.
[[0;32m  OK  [0m] Started Serial Getty on ttyS0.
[[0;32m  OK  [0m] Reached target Login Prompts.
         Starting Set console scheme...
[[0;32m  OK  [0m] Started User Manager for UID 1000.
[[0;32m  OK  [0m] Started Set console scheme.
[[0;32m  OK  [0m] Started Session 1 of user vagrant.
[[0;32m  OK  [0m] Started LSB: Apache2 web server.
[   29.716131] cloud-init[1294]: Cloud-init v. 18.4-0ubuntu1~16.04.2 running 'modules:config' at Sun, 06 Jan 2019 15:46:59 +0000. Up 29.34 seconds.
[[0;32m  OK  [0m] Started Apply the settings specified in cloud-config.
[[0;32m  OK  [0m] Started LSB: Start and stop the mysql database server daemon.
[[0;32m  OK  [0m] Reached target Multi-User System.
         Starting Execute cloud user/final scripts...
[[0;32m  OK  [0m] Reached target Graphical Interface.
         Starting Update UTMP about System Runlevel Changes...
[[0;32m  OK  [0m] Started Update UTMP about System Runlevel Changes.
[   32.240959] cloud-init[1715]: Cloud-init v. 18.4-0ubuntu1~16.04.2 running 'modules:final' at Sun, 06 Jan 2019 15:47:01 +0000. Up 31.72 seconds.
[   32.242094] cloud-init[1715]: Cloud-init v. 18.4-0ubuntu1~16.04.2 finished at Sun, 06 Jan 2019 15:47:01 +0000. Datasource DataSourceNoCloud [seed=/dev/sdb][dsmode=net].  Up 32.22 seconds

Ubuntu 16.04.5 LTS kouosl ttyS0

kouosl login: 